<?xml version="1.0" encoding="UTF-8"?>
<testng-results skipped="0" failed="0" total="3" passed="3">
  <reporter-output>
  </reporter-output>
  <suite name="Command line suite" duration-ms="72" started-at="2013-01-17T01:10:47Z" finished-at="2013-01-17T01:10:47Z">
    <groups>
      <group name="basic">
        <method signature="MatcherTest.testAddingNewClass()[pri:0, instance:edu.depaul.se491.engine.test.MatcherTest@76be0b48]" name="testAddingNewClass" class="edu.depaul.se491.engine.test.MatcherTest"/>
        <method signature="MatcherTest.testAddingNewClassWithNull()[pri:0, instance:edu.depaul.se491.engine.test.MatcherTest@76be0b48]" name="testAddingNewClassWithNull" class="edu.depaul.se491.engine.test.MatcherTest"/>
        <method signature="VirtualClassTest.testVirtualClass()[pri:0, instance:edu.depaul.se491.engine.test.VirtualClassTest@a0c017d]" name="testVirtualClass" class="edu.depaul.se491.engine.test.VirtualClassTest"/>
      </group> <!-- basic -->
    </groups>
    <test name="Command line test" duration-ms="72" started-at="2013-01-17T01:10:47Z" finished-at="2013-01-17T01:10:47Z">
      <class name="edu.depaul.se491.engine.test.VirtualClassTest">
        <test-method status="PASS" signature="testVirtualClass()[pri:0, instance:edu.depaul.se491.engine.test.VirtualClassTest@a0c017d]" name="testVirtualClass" duration-ms="0" started-at="2013-01-16T19:10:47Z" finished-at="2013-01-16T19:10:47Z">
          <reporter-output>
          </reporter-output>
        </test-method> <!-- testVirtualClass -->
      </class> <!-- edu.depaul.se491.engine.test.VirtualClassTest -->
      <class name="edu.depaul.se491.engine.test.MatcherTest">
        <test-method status="PASS" signature="testAddingNewClass()[pri:0, instance:edu.depaul.se491.engine.test.MatcherTest@76be0b48]" name="testAddingNewClass" duration-ms="39" started-at="2013-01-16T19:10:47Z" finished-at="2013-01-16T19:10:47Z">
          <reporter-output>
          </reporter-output>
        </test-method> <!-- testAddingNewClass -->
        <test-method status="PASS" signature="testAddingNewClassWithNull()[pri:0, instance:edu.depaul.se491.engine.test.MatcherTest@76be0b48]" name="testAddingNewClassWithNull" duration-ms="1" started-at="2013-01-16T19:10:47Z" finished-at="2013-01-16T19:10:47Z">
          <exception class="java.lang.RuntimeException">
            <message>
              <![CDATA[Class name or Instructor name is null. This is not cool]]>
            </message>
            <full-stacktrace>
              <![CDATA[java.lang.RuntimeException: Class name or Instructor name is null. This is not cool
	at edu.depaul.se491.engine.VirtualClass.<init>(VirtualClass.java:25)
	at edu.depaul.se491.engine.test.MatcherTest.testAddingNewClassWithNull(MatcherTest.java:19)
	at sun.reflect.NativeMethodAccessorImpl.invoke0(Native Method)
	at sun.reflect.NativeMethodAccessorImpl.invoke(NativeMethodAccessorImpl.java:57)
	at sun.reflect.DelegatingMethodAccessorImpl.invoke(DelegatingMethodAccessorImpl.java:43)
	at java.lang.reflect.Method.invoke(Method.java:601)
	at org.testng.internal.MethodInvocationHelper.invokeMethod(MethodInvocationHelper.java:80)
	at org.testng.internal.Invoker.invokeMethod(Invoker.java:714)
	at org.testng.internal.Invoker.invokeTestMethod(Invoker.java:901)
	at org.testng.internal.Invoker.invokeTestMethods(Invoker.java:1231)
	at org.testng.internal.TestMethodWorker.invokeTestMethods(TestMethodWorker.java:127)
	at org.testng.internal.TestMethodWorker.run(TestMethodWorker.java:111)
	at org.testng.TestRunner.privateRun(TestRunner.java:767)
	at org.testng.TestRunner.run(TestRunner.java:617)
	at org.testng.SuiteRunner.runTest(SuiteRunner.java:334)
	at org.testng.SuiteRunner.runSequentially(SuiteRunner.java:329)
	at org.testng.SuiteRunner.privateRun(SuiteRunner.java:291)
	at org.testng.SuiteRunner.run(SuiteRunner.java:240)
	at org.testng.SuiteRunnerWorker.runSuite(SuiteRunnerWorker.java:52)
	at org.testng.SuiteRunnerWorker.run(SuiteRunnerWorker.java:86)
	at org.testng.TestNG.runSuitesSequentially(TestNG.java:1198)
	at org.testng.TestNG.runSuitesLocally(TestNG.java:1123)
	at org.testng.TestNG.run(TestNG.java:1031)
	at org.apache.maven.surefire.testng.TestNGExecutor.run(TestNGExecutor.java:70)
	at org.apache.maven.surefire.testng.TestNGDirectoryTestSuite.executeMulti(TestNGDirectoryTestSuite.java:158)
	at org.apache.maven.surefire.testng.TestNGDirectoryTestSuite.execute(TestNGDirectoryTestSuite.java:98)
	at org.apache.maven.surefire.testng.TestNGProvider.invoke(TestNGProvider.java:111)
	at sun.reflect.NativeMethodAccessorImpl.invoke0(Native Method)
	at sun.reflect.NativeMethodAccessorImpl.invoke(NativeMethodAccessorImpl.java:57)
	at sun.reflect.DelegatingMethodAccessorImpl.invoke(DelegatingMethodAccessorImpl.java:43)
	at java.lang.reflect.Method.invoke(Method.java:601)
	at org.apache.maven.surefire.util.ReflectionUtils.invokeMethodWithArray(ReflectionUtils.java:164)
	at org.apache.maven.surefire.booter.ProviderFactory$ProviderProxy.invoke(ProviderFactory.java:110)
	at org.apache.maven.surefire.booter.SurefireStarter.invokeProvider(SurefireStarter.java:175)
	at org.apache.maven.surefire.booter.SurefireStarter.runSuitesInProcessWhenForked(SurefireStarter.java:107)
	at org.apache.maven.surefire.booter.ForkedBooter.main(ForkedBooter.java:68)
]]>
            </full-stacktrace>
          </exception> <!-- java.lang.RuntimeException -->
          <reporter-output>
          </reporter-output>
        </test-method> <!-- testAddingNewClassWithNull -->
      </class> <!-- edu.depaul.se491.engine.test.MatcherTest -->
    </test> <!-- Command line test -->
  </suite> <!-- Command line suite -->
</testng-results>
