<?xml version="1.0" encoding="UTF-8"?>
<!-- Generated by org.testng.reporters.JUnitXMLReporter -->
<testsuite hostname="atari.local" name="Default test" tests="3" failures="0" timestamp="14 Oct 2012 19:41:11 GMT" time="0.141" errors="0">
  <testcase name="testAddingNewClass" time="0.077" classname="edu.depaul.se491.engine.test.MatcherTest"/>
  <testcase name="testAddingNewClassWithNull" time="0.0010" classname="edu.depaul.se491.engine.test.MatcherTest"/>
  <testcase name="testVirtualClass" time="0.0020" classname="edu.depaul.se491.engine.test.VirtualClassTest"/>
</testsuite> <!-- Default test -->
