<?xml version="1.0" encoding="UTF-8"?>
<!-- Generated by org.testng.reporters.JUnitXMLReporter -->
<testsuite hostname="atari.local" name="Command line test" tests="3" failures="0" timestamp="29 Oct 2012 14:25:49 GMT" time="0.049" errors="0">
  <testcase name="testAddingNewClass" time="0.023" classname="edu.depaul.se491.engine.test.MatcherTest"/>
  <testcase name="testAddingNewClassWithNull" time="0.0" classname="edu.depaul.se491.engine.test.MatcherTest"/>
  <testcase name="testVirtualClass" time="0.0010" classname="edu.depaul.se491.engine.test.VirtualClassTest"/>
</testsuite> <!-- Command line test -->
