<?xml version="1.0" encoding="UTF-8"?>
<!-- Generated by org.testng.reporters.JUnitXMLReporter -->
<testsuite hostname="atari.local" name="Command line test" tests="3" failures="0" timestamp="17 Jan 2013 01:10:47 GMT" time="0.072" errors="0">
  <testcase name="testAddingNewClass" time="0.039" classname="edu.depaul.se491.engine.test.MatcherTest"/>
  <testcase name="testAddingNewClassWithNull" time="0.001" classname="edu.depaul.se491.engine.test.MatcherTest"/>
  <testcase name="testVirtualClass" time="0.0" classname="edu.depaul.se491.engine.test.VirtualClassTest"/>
</testsuite> <!-- Command line test -->
